[ INFO ] [2015-09-10 15:01:15] demo.DemoApplication [47] - Starting DemoApplication on swiftdeMacBook-Pro.local with PID 1160 (/Users/swift/Downloads/demo-2/target/classes started by swift in /Users/swift/Downloads/demo-2)
[ INFO ] [2015-09-10 15:01:16] org.springframework.boot.context.embedded.AnnotationConfigEmbeddedWebApplicationContext [573] - Refreshing org.springframework.boot.context.embedded.AnnotationConfigEmbeddedWebApplicationContext@17c386de: startup date [Thu Sep 10 15:01:16 CST 2015]; root of context hierarchy
[ INFO ] [2015-09-10 15:01:17] org.springframework.beans.factory.support.DefaultListableBeanFactory [839] - Overriding bean definition for bean 'beanNameViewResolver' with a different definition: replacing [Root bean: class [null]; scope=; abstract=false; lazyInit=false; autowireMode=3; dependencyCheck=0; autowireCandidate=true; primary=false; factoryBeanName=org.springframework.boot.autoconfigure.web.ErrorMvcAutoConfiguration$WhitelabelErrorViewConfiguration; factoryMethodName=beanNameViewResolver; initMethodName=null; destroyMethodName=(inferred); defined in class path resource [org/springframework/boot/autoconfigure/web/ErrorMvcAutoConfiguration$WhitelabelErrorViewConfiguration.class]] with [Root bean: class [null]; scope=; abstract=false; lazyInit=false; autowireMode=3; dependencyCheck=0; autowireCandidate=true; primary=false; factoryBeanName=org.springframework.boot.autoconfigure.web.WebMvcAutoConfiguration$WebMvcAutoConfigurationAdapter; factoryMethodName=beanNameViewResolver; initMethodName=null; destroyMethodName=(inferred); defined in class path resource [org/springframework/boot/autoconfigure/web/WebMvcAutoConfiguration$WebMvcAutoConfigurationAdapter.class]]
[ INFO ] [2015-09-10 15:01:18] org.springframework.beans.factory.annotation.AutowiredAnnotationBeanPostProcessor [153] - JSR-330 'javax.inject.Inject' annotation found and supported for autowiring
[ INFO ] [2015-09-10 15:01:18] org.hibernate.validator.internal.util.Version [17] - HV000001: Hibernate Validator 5.2.1.Final
[ INFO ] [2015-09-10 15:01:18] org.springframework.context.support.PostProcessorRegistrationDelegate$BeanPostProcessorChecker [328] - Bean 'org.springframework.transaction.annotation.ProxyTransactionManagementConfiguration' of type [class org.springframework.transaction.annotation.ProxyTransactionManagementConfiguration$$EnhancerBySpringCGLIB$$64cef30b] is not eligible for getting processed by all BeanPostProcessors (for example: not eligible for auto-proxying)
[ INFO ] [2015-09-10 15:01:18] org.springframework.boot.context.embedded.tomcat.TomcatEmbeddedServletContainer [79] - Tomcat initialized with port(s): 8080 (http)
[ INFO ] [2015-09-10 15:01:19] org.apache.catalina.core.StandardService [180] - Starting service Tomcat
[ INFO ] [2015-09-10 15:01:19] org.apache.catalina.core.StandardEngine [180] - Starting Servlet Engine: Apache Tomcat/8.0.26
[ INFO ] [2015-09-10 15:01:19] org.apache.catalina.core.ContainerBase.[Tomcat].[localhost].[/] [180] - Initializing Spring embedded WebApplicationContext
[ INFO ] [2015-09-10 15:01:19] org.springframework.web.context.ContextLoader [268] - Root WebApplicationContext: initialization completed in 3269 ms
[ INFO ] [2015-09-10 15:01:20] org.springframework.security.web.DefaultSecurityFilterChain [28] - Creating filter chain: Ant [pattern='/css/**'], []
[ INFO ] [2015-09-10 15:01:20] org.springframework.security.web.DefaultSecurityFilterChain [28] - Creating filter chain: Ant [pattern='/js/**'], []
[ INFO ] [2015-09-10 15:01:20] org.springframework.security.web.DefaultSecurityFilterChain [28] - Creating filter chain: Ant [pattern='/images/**'], []
[ INFO ] [2015-09-10 15:01:20] org.springframework.security.web.DefaultSecurityFilterChain [28] - Creating filter chain: Ant [pattern='/**/favicon.ico'], []
[ INFO ] [2015-09-10 15:01:20] org.springframework.security.web.DefaultSecurityFilterChain [28] - Creating filter chain: Ant [pattern='/error'], []
[ INFO ] [2015-09-10 15:01:20] org.springframework.security.web.DefaultSecurityFilterChain [28] - Creating filter chain: OrRequestMatcher [requestMatchers=[Ant [pattern='/**']]], [org.springframework.security.web.context.request.async.WebAsyncManagerIntegrationFilter@639ce6fd, org.springframework.security.web.context.SecurityContextPersistenceFilter@ef71ae7, org.springframework.security.web.header.HeaderWriterFilter@11a4f8d0, org.springframework.security.web.authentication.logout.LogoutFilter@1ac35280, org.springframework.security.web.authentication.www.BasicAuthenticationFilter@52d22f62, org.springframework.security.web.savedrequest.RequestCacheAwareFilter@481eb32, org.springframework.security.web.servletapi.SecurityContextHolderAwareRequestFilter@ec48edb, org.springframework.security.web.authentication.AnonymousAuthenticationFilter@27e0a84a, org.springframework.security.web.session.SessionManagementFilter@4bbec869, org.springframework.security.web.access.ExceptionTranslationFilter@7ddf67dc, org.springframework.security.web.access.intercept.FilterSecurityInterceptor@2ddccac2]
[ INFO ] [2015-09-10 15:01:20] org.springframework.boot.context.embedded.FilterRegistrationBean [291] - Mapping filter: 'hiddenHttpMethodFilter' to: [/*]
[ INFO ] [2015-09-10 15:01:20] org.springframework.boot.context.embedded.FilterRegistrationBean [291] - Mapping filter: 'httpPutFormContentFilter' to: [/*]
[ INFO ] [2015-09-10 15:01:20] org.springframework.boot.context.embedded.FilterRegistrationBean [291] - Mapping filter: 'characterEncodingFilter' to: [/*]
[ INFO ] [2015-09-10 15:01:20] org.springframework.boot.context.embedded.FilterRegistrationBean [291] - Mapping filter: 'springSecurityFilterChain' to: [/*]
[ INFO ] [2015-09-10 15:01:20] org.springframework.boot.context.embedded.ServletRegistrationBean [188] - Mapping servlet: 'dispatcherServlet' to [/]
[ INFO ] [2015-09-10 15:01:21] org.springframework.orm.jpa.LocalContainerEntityManagerFactoryBean [339] - Building JPA container EntityManagerFactory for persistence unit 'default'
[ INFO ] [2015-09-10 15:01:21] org.hibernate.jpa.internal.util.LogHelper [46] - HHH000204: Processing PersistenceUnitInfo [
	name: default
	...]
[ INFO ] [2015-09-10 15:01:21] org.hibernate.Version [54] - HHH000412: Hibernate Core {4.3.11.Final}
[ INFO ] [2015-09-10 15:01:21] org.hibernate.cfg.Environment [239] - HHH000206: hibernate.properties not found
[ INFO ] [2015-09-10 15:01:21] org.hibernate.cfg.Environment [346] - HHH000021: Bytecode provider name : javassist
[ INFO ] [2015-09-10 15:01:22] org.hibernate.annotations.common.Version [66] - HCANN000001: Hibernate Commons Annotations {4.0.5.Final}
[ INFO ] [2015-09-10 15:01:22] org.hibernate.dialect.Dialect [145] - HHH000400: Using dialect: org.hibernate.dialect.MySQL5Dialect
[ INFO ] [2015-09-10 15:01:22] org.hibernate.hql.internal.ast.ASTQueryTranslatorFactory [47] - HHH000397: Using ASTQueryTranslatorFactory
[ INFO ] [2015-09-10 15:01:23] org.springframework.web.servlet.mvc.method.annotation.RequestMappingHandlerAdapter [532] - Looking for @ControllerAdvice: org.springframework.boot.context.embedded.AnnotationConfigEmbeddedWebApplicationContext@17c386de: startup date [Thu Sep 10 15:01:16 CST 2015]; root of context hierarchy
[ INFO ] [2015-09-10 15:01:23] org.springframework.web.servlet.mvc.method.annotation.RequestMappingHandlerMapping [531] - Mapped "{[/hi],methods=[GET]}" onto public java.lang.String demo.controller.permissionController.hi()
[ INFO ] [2015-09-10 15:01:23] org.springframework.web.servlet.mvc.method.annotation.RequestMappingHandlerMapping [531] - Mapped "{[/{id}],methods=[GET]}" onto public java.util.List<demo.entity.role_permissions> demo.controller.permissionController.biggirl(java.lang.String)
[ INFO ] [2015-09-10 15:01:23] org.springframework.web.servlet.mvc.method.annotation.RequestMappingHandlerMapping [531] - Mapped "{[/],methods=[GET]}" onto public java.lang.String demo.controller.permissionController.hello()
[ INFO ] [2015-09-10 15:01:23] org.springframework.web.servlet.mvc.method.annotation.RequestMappingHandlerMapping [531] - Mapped "{[/error]}" onto public org.springframework.http.ResponseEntity<java.util.Map<java.lang.String, java.lang.Object>> org.springframework.boot.autoconfigure.web.BasicErrorController.error(javax.servlet.http.HttpServletRequest)
[ INFO ] [2015-09-10 15:01:23] org.springframework.web.servlet.mvc.method.annotation.RequestMappingHandlerMapping [531] - Mapped "{[/error],produces=[text/html]}" onto public org.springframework.web.servlet.ModelAndView org.springframework.boot.autoconfigure.web.BasicErrorController.errorHtml(javax.servlet.http.HttpServletRequest)
[ INFO ] [2015-09-10 15:01:23] org.springframework.web.servlet.handler.SimpleUrlHandlerMapping [341] - Mapped URL path [/webjars/**] onto handler of type [class org.springframework.web.servlet.resource.ResourceHttpRequestHandler]
[ INFO ] [2015-09-10 15:01:23] org.springframework.web.servlet.handler.SimpleUrlHandlerMapping [341] - Mapped URL path [/**] onto handler of type [class org.springframework.web.servlet.resource.ResourceHttpRequestHandler]
[ INFO ] [2015-09-10 15:01:23] org.springframework.web.servlet.handler.SimpleUrlHandlerMapping [341] - Mapped URL path [/**/favicon.ico] onto handler of type [class org.springframework.web.servlet.resource.ResourceHttpRequestHandler]
[ INFO ] [2015-09-10 15:01:23] org.springframework.jmx.export.annotation.AnnotationMBeanExporter [431] - Registering beans for JMX exposure on startup
[ INFO ] [2015-09-10 15:01:23] org.springframework.context.support.DefaultLifecycleProcessor [341] - Starting beans in phase 2147483647
[ INFO ] [2015-09-10 15:01:23] org.apache.coyote.http11.Http11NioProtocol [180] - Initializing ProtocolHandler ["http-nio-8080"]
[ INFO ] [2015-09-10 15:01:23] org.apache.coyote.http11.Http11NioProtocol [180] - Starting ProtocolHandler ["http-nio-8080"]
[ INFO ] [2015-09-10 15:01:23] org.apache.tomcat.util.net.NioSelectorPool [180] - Using a shared selector for servlet write/read
[ INFO ] [2015-09-10 15:01:24] org.springframework.boot.context.embedded.tomcat.TomcatEmbeddedServletContainer [159] - Tomcat started on port(s): 8080 (http)
[ INFO ] [2015-09-10 15:01:24] demo.DemoApplication [56] - Started DemoApplication in 8.817 seconds (JVM running for 9.882)
[ INFO ] [2015-09-10 15:02:13] org.apache.catalina.core.ContainerBase.[Tomcat].[localhost].[/] [180] - Initializing Spring FrameworkServlet 'dispatcherServlet'
[ INFO ] [2015-09-10 15:02:13] org.springframework.web.servlet.DispatcherServlet [488] - FrameworkServlet 'dispatcherServlet': initialization started
[ INFO ] [2015-09-10 15:02:13] org.springframework.web.servlet.DispatcherServlet [507] - FrameworkServlet 'dispatcherServlet': initialization completed in 20 ms
[ INFO ] [2015-09-10 15:06:41] org.springframework.boot.context.embedded.AnnotationConfigEmbeddedWebApplicationContext [951] - Closing org.springframework.boot.context.embedded.AnnotationConfigEmbeddedWebApplicationContext@17c386de: startup date [Thu Sep 10 15:01:16 CST 2015]; root of context hierarchy
[ INFO ] [2015-09-10 15:06:41] org.springframework.context.support.DefaultLifecycleProcessor [356] - Stopping beans in phase 2147483647
[ INFO ] [2015-09-10 15:06:41] org.springframework.jmx.export.annotation.AnnotationMBeanExporter [449] - Unregistering JMX-exposed beans on shutdown
[ INFO ] [2015-09-10 15:06:41] org.springframework.orm.jpa.LocalContainerEntityManagerFactoryBean [462] - Closing JPA EntityManagerFactory for persistence unit 'default'
[ INFO ] [2015-09-10 15:06:46] demo.DemoApplication [47] - Starting DemoApplication on swiftdeMacBook-Pro.local with PID 1249 (/Users/swift/Downloads/demo-2/target/classes started by swift in /Users/swift/Downloads/demo-2)
[ INFO ] [2015-09-10 15:06:46] org.springframework.boot.context.embedded.AnnotationConfigEmbeddedWebApplicationContext [573] - Refreshing org.springframework.boot.context.embedded.AnnotationConfigEmbeddedWebApplicationContext@5ef60048: startup date [Thu Sep 10 15:06:46 CST 2015]; root of context hierarchy
[ INFO ] [2015-09-10 15:06:48] org.springframework.beans.factory.support.DefaultListableBeanFactory [839] - Overriding bean definition for bean 'beanNameViewResolver' with a different definition: replacing [Root bean: class [null]; scope=; abstract=false; lazyInit=false; autowireMode=3; dependencyCheck=0; autowireCandidate=true; primary=false; factoryBeanName=org.springframework.boot.autoconfigure.web.ErrorMvcAutoConfiguration$WhitelabelErrorViewConfiguration; factoryMethodName=beanNameViewResolver; initMethodName=null; destroyMethodName=(inferred); defined in class path resource [org/springframework/boot/autoconfigure/web/ErrorMvcAutoConfiguration$WhitelabelErrorViewConfiguration.class]] with [Root bean: class [null]; scope=; abstract=false; lazyInit=false; autowireMode=3; dependencyCheck=0; autowireCandidate=true; primary=false; factoryBeanName=org.springframework.boot.autoconfigure.web.WebMvcAutoConfiguration$WebMvcAutoConfigurationAdapter; factoryMethodName=beanNameViewResolver; initMethodName=null; destroyMethodName=(inferred); defined in class path resource [org/springframework/boot/autoconfigure/web/WebMvcAutoConfiguration$WebMvcAutoConfigurationAdapter.class]]
[ INFO ] [2015-09-10 15:06:49] org.springframework.beans.factory.annotation.AutowiredAnnotationBeanPostProcessor [153] - JSR-330 'javax.inject.Inject' annotation found and supported for autowiring
[ INFO ] [2015-09-10 15:06:49] org.hibernate.validator.internal.util.Version [17] - HV000001: Hibernate Validator 5.2.1.Final
[ INFO ] [2015-09-10 15:06:49] org.springframework.context.support.PostProcessorRegistrationDelegate$BeanPostProcessorChecker [328] - Bean 'org.springframework.transaction.annotation.ProxyTransactionManagementConfiguration' of type [class org.springframework.transaction.annotation.ProxyTransactionManagementConfiguration$$EnhancerBySpringCGLIB$$88d90b6d] is not eligible for getting processed by all BeanPostProcessors (for example: not eligible for auto-proxying)
[ INFO ] [2015-09-10 15:06:49] org.springframework.boot.context.embedded.tomcat.TomcatEmbeddedServletContainer [79] - Tomcat initialized with port(s): 8080 (http)
[ INFO ] [2015-09-10 15:06:50] org.apache.catalina.core.StandardService [180] - Starting service Tomcat
[ INFO ] [2015-09-10 15:06:50] org.apache.catalina.core.StandardEngine [180] - Starting Servlet Engine: Apache Tomcat/8.0.26
[ INFO ] [2015-09-10 15:06:50] org.apache.catalina.core.ContainerBase.[Tomcat].[localhost].[/] [180] - Initializing Spring embedded WebApplicationContext
[ INFO ] [2015-09-10 15:06:50] org.springframework.web.context.ContextLoader [268] - Root WebApplicationContext: initialization completed in 3628 ms
[ INFO ] [2015-09-10 15:06:51] org.springframework.security.web.DefaultSecurityFilterChain [28] - Creating filter chain: Ant [pattern='/css/**'], []
[ INFO ] [2015-09-10 15:06:51] org.springframework.security.web.DefaultSecurityFilterChain [28] - Creating filter chain: Ant [pattern='/js/**'], []
[ INFO ] [2015-09-10 15:06:51] org.springframework.security.web.DefaultSecurityFilterChain [28] - Creating filter chain: Ant [pattern='/images/**'], []
[ INFO ] [2015-09-10 15:06:51] org.springframework.security.web.DefaultSecurityFilterChain [28] - Creating filter chain: Ant [pattern='/**/favicon.ico'], []
[ INFO ] [2015-09-10 15:06:51] org.springframework.security.web.DefaultSecurityFilterChain [28] - Creating filter chain: Ant [pattern='/error'], []
[ INFO ] [2015-09-10 15:06:51] org.springframework.security.web.DefaultSecurityFilterChain [28] - Creating filter chain: OrRequestMatcher [requestMatchers=[Ant [pattern='/**']]], [org.springframework.security.web.context.request.async.WebAsyncManagerIntegrationFilter@686db817, org.springframework.security.web.context.SecurityContextPersistenceFilter@34c1d183, org.springframework.security.web.header.HeaderWriterFilter@412a86b5, org.springframework.security.web.authentication.logout.LogoutFilter@2618cb84, org.springframework.security.web.authentication.www.BasicAuthenticationFilter@14cba624, org.springframework.security.web.savedrequest.RequestCacheAwareFilter@21e73d03, org.springframework.security.web.servletapi.SecurityContextHolderAwareRequestFilter@6c963caa, org.springframework.security.web.authentication.AnonymousAuthenticationFilter@6faf6933, org.springframework.security.web.session.SessionManagementFilter@635e29b5, org.springframework.security.web.access.ExceptionTranslationFilter@6c382c17, org.springframework.security.web.access.intercept.FilterSecurityInterceptor@d7505c8]
[ INFO ] [2015-09-10 15:06:51] org.springframework.boot.context.embedded.FilterRegistrationBean [291] - Mapping filter: 'hiddenHttpMethodFilter' to: [/*]
[ INFO ] [2015-09-10 15:06:51] org.springframework.boot.context.embedded.FilterRegistrationBean [291] - Mapping filter: 'httpPutFormContentFilter' to: [/*]
[ INFO ] [2015-09-10 15:06:51] org.springframework.boot.context.embedded.FilterRegistrationBean [291] - Mapping filter: 'characterEncodingFilter' to: [/*]
[ INFO ] [2015-09-10 15:06:51] org.springframework.boot.context.embedded.FilterRegistrationBean [291] - Mapping filter: 'springSecurityFilterChain' to: [/*]
[ INFO ] [2015-09-10 15:06:51] org.springframework.boot.context.embedded.ServletRegistrationBean [188] - Mapping servlet: 'dispatcherServlet' to [/]
[ INFO ] [2015-09-10 15:06:52] org.springframework.orm.jpa.LocalContainerEntityManagerFactoryBean [339] - Building JPA container EntityManagerFactory for persistence unit 'default'
[ INFO ] [2015-09-10 15:06:52] org.hibernate.jpa.internal.util.LogHelper [46] - HHH000204: Processing PersistenceUnitInfo [
	name: default
	...]
[ INFO ] [2015-09-10 15:06:52] org.hibernate.Version [54] - HHH000412: Hibernate Core {4.3.11.Final}
[ INFO ] [2015-09-10 15:06:52] org.hibernate.cfg.Environment [239] - HHH000206: hibernate.properties not found
[ INFO ] [2015-09-10 15:06:52] org.hibernate.cfg.Environment [346] - HHH000021: Bytecode provider name : javassist
[ INFO ] [2015-09-10 15:06:52] org.hibernate.annotations.common.Version [66] - HCANN000001: Hibernate Commons Annotations {4.0.5.Final}
[ INFO ] [2015-09-10 15:06:52] org.hibernate.dialect.Dialect [145] - HHH000400: Using dialect: org.hibernate.dialect.MySQL5Dialect
[ INFO ] [2015-09-10 15:06:52] org.hibernate.hql.internal.ast.ASTQueryTranslatorFactory [47] - HHH000397: Using ASTQueryTranslatorFactory
[ INFO ] [2015-09-10 15:06:53] org.springframework.web.servlet.mvc.method.annotation.RequestMappingHandlerAdapter [532] - Looking for @ControllerAdvice: org.springframework.boot.context.embedded.AnnotationConfigEmbeddedWebApplicationContext@5ef60048: startup date [Thu Sep 10 15:06:46 CST 2015]; root of context hierarchy
[ INFO ] [2015-09-10 15:06:53] org.springframework.web.servlet.mvc.method.annotation.RequestMappingHandlerMapping [531] - Mapped "{[/],methods=[GET]}" onto public java.lang.String demo.controller.permissionController.hello()
[ INFO ] [2015-09-10 15:06:53] org.springframework.web.servlet.mvc.method.annotation.RequestMappingHandlerMapping [531] - Mapped "{[/{id}],methods=[GET]}" onto public java.util.List<demo.entity.role_permissions> demo.controller.permissionController.biggirl(java.lang.String)
[ INFO ] [2015-09-10 15:06:53] org.springframework.web.servlet.mvc.method.annotation.RequestMappingHandlerMapping [531] - Mapped "{[/hi],methods=[GET]}" onto public java.lang.String demo.controller.permissionController.hi()
[ INFO ] [2015-09-10 15:06:53] org.springframework.web.servlet.mvc.method.annotation.RequestMappingHandlerMapping [531] - Mapped "{[/error]}" onto public org.springframework.http.ResponseEntity<java.util.Map<java.lang.String, java.lang.Object>> org.springframework.boot.autoconfigure.web.BasicErrorController.error(javax.servlet.http.HttpServletRequest)
[ INFO ] [2015-09-10 15:06:53] org.springframework.web.servlet.mvc.method.annotation.RequestMappingHandlerMapping [531] - Mapped "{[/error],produces=[text/html]}" onto public org.springframework.web.servlet.ModelAndView org.springframework.boot.autoconfigure.web.BasicErrorController.errorHtml(javax.servlet.http.HttpServletRequest)
[ INFO ] [2015-09-10 15:06:53] org.springframework.web.servlet.handler.SimpleUrlHandlerMapping [341] - Mapped URL path [/webjars/**] onto handler of type [class org.springframework.web.servlet.resource.ResourceHttpRequestHandler]
[ INFO ] [2015-09-10 15:06:53] org.springframework.web.servlet.handler.SimpleUrlHandlerMapping [341] - Mapped URL path [/**] onto handler of type [class org.springframework.web.servlet.resource.ResourceHttpRequestHandler]
[ INFO ] [2015-09-10 15:06:53] org.springframework.web.servlet.handler.SimpleUrlHandlerMapping [341] - Mapped URL path [/**/favicon.ico] onto handler of type [class org.springframework.web.servlet.resource.ResourceHttpRequestHandler]
[ INFO ] [2015-09-10 15:06:53] org.springframework.jmx.export.annotation.AnnotationMBeanExporter [431] - Registering beans for JMX exposure on startup
[ INFO ] [2015-09-10 15:06:53] org.springframework.context.support.DefaultLifecycleProcessor [341] - Starting beans in phase 2147483647
[ INFO ] [2015-09-10 15:06:53] org.apache.coyote.http11.Http11NioProtocol [180] - Initializing ProtocolHandler ["http-nio-8080"]
[ INFO ] [2015-09-10 15:06:54] org.apache.coyote.http11.Http11NioProtocol [180] - Starting ProtocolHandler ["http-nio-8080"]
[ INFO ] [2015-09-10 15:06:54] org.apache.tomcat.util.net.NioSelectorPool [180] - Using a shared selector for servlet write/read
[ INFO ] [2015-09-10 15:06:54] org.springframework.boot.context.embedded.tomcat.TomcatEmbeddedServletContainer [159] - Tomcat started on port(s): 8080 (http)
[ INFO ] [2015-09-10 15:06:54] demo.DemoApplication [56] - Started DemoApplication in 8.71 seconds (JVM running for 10.144)
[ INFO ] [2015-09-10 15:07:04] org.springframework.boot.context.embedded.AnnotationConfigEmbeddedWebApplicationContext [951] - Closing org.springframework.boot.context.embedded.AnnotationConfigEmbeddedWebApplicationContext@5ef60048: startup date [Thu Sep 10 15:06:46 CST 2015]; root of context hierarchy
[ INFO ] [2015-09-10 15:07:04] org.springframework.context.support.DefaultLifecycleProcessor [356] - Stopping beans in phase 2147483647
[ INFO ] [2015-09-10 15:07:04] org.springframework.jmx.export.annotation.AnnotationMBeanExporter [449] - Unregistering JMX-exposed beans on shutdown
[ INFO ] [2015-09-10 15:07:04] org.springframework.orm.jpa.LocalContainerEntityManagerFactoryBean [462] - Closing JPA EntityManagerFactory for persistence unit 'default'
